
ROM used:   114/8192 (1%)
            114/8192 (1%) including unused fragments

            0.2 Average locations per line
            5.2 Average locations per statement

RAM used:   5/368 (1%) at main() level
            6/368 (2%) worst case

Stack used: 1 worst case (1 in main + 0 for interrupts)
Stack size: 8

Lines Stmts  %   Files
----- ----- ---  -----
   38    22 100  main.c
   10     0   0  main.h
  671     0   0  ..\..\..\..\Program Files (x86)\PICC\Devices\16F877A.h
----- -----
  719    22 Total

Page ROM  %  RAM    Vol Diff  Functions:
---- --- --- ---    --- ----  ----------
0     20  18    1             @delay_ms1
0     90  79    0    708  2.4  main
 Inline         0             @cinit1

Program metrics:
    Functions               1
    Statements              22
    Comments                119
    Volume (V)              713
    Difficulty (D)          2.3
    Effort to implement (E) 1666
    Time to implement (T)   2 minutes
    Est Delivered Bugs (B)  0
    Cyclomatic Complexity   1
    Maintainability (MI)    40

 Segment     Used  Free
-----------  ----  ----
00000-00003     4  0  
00004-007FF   110  1934  
00800-00FFF     0  2048  
01000-017FF     0  2048  
01800-01FFF     0  2048  



